20-Jul-2015 10:28:52.820 INFO [main] org.apache.catalina.startup.VersionLoggerListener.log Server version:        Apache Tomcat/8.0.24
20-Jul-2015 10:28:52.821 INFO [main] org.apache.catalina.startup.VersionLoggerListener.log Server built:          Jul 1 2015 20:19:55 UTC
20-Jul-2015 10:28:52.822 INFO [main] org.apache.catalina.startup.VersionLoggerListener.log Server number:         8.0.24.0
20-Jul-2015 10:28:52.822 INFO [main] org.apache.catalina.startup.VersionLoggerListener.log OS Name:               Windows 8
20-Jul-2015 10:28:52.822 INFO [main] org.apache.catalina.startup.VersionLoggerListener.log OS Version:            6.2
20-Jul-2015 10:28:52.822 INFO [main] org.apache.catalina.startup.VersionLoggerListener.log Architecture:          amd64
20-Jul-2015 10:28:52.823 INFO [main] org.apache.catalina.startup.VersionLoggerListener.log Java Home:             C:\Program Files\Java\jdk1.8.0_51\jre
20-Jul-2015 10:28:52.823 INFO [main] org.apache.catalina.startup.VersionLoggerListener.log JVM Version:           1.8.0_51-b16
20-Jul-2015 10:28:52.823 INFO [main] org.apache.catalina.startup.VersionLoggerListener.log JVM Vendor:            Oracle Corporation
20-Jul-2015 10:28:52.823 INFO [main] org.apache.catalina.startup.VersionLoggerListener.log CATALINA_BASE:         C:\tomcat
20-Jul-2015 10:28:52.824 INFO [main] org.apache.catalina.startup.VersionLoggerListener.log CATALINA_HOME:         C:\tomcat
20-Jul-2015 10:28:52.824 INFO [main] org.apache.catalina.startup.VersionLoggerListener.log Command line argument: -Djava.util.logging.config.file=C:\tomcat\conf\logging.properties
20-Jul-2015 10:28:52.826 INFO [main] org.apache.catalina.startup.VersionLoggerListener.log Command line argument: -Djava.util.logging.manager=org.apache.juli.ClassLoaderLogManager
20-Jul-2015 10:28:52.827 INFO [main] org.apache.catalina.startup.VersionLoggerListener.log Command line argument: -Djava.endorsed.dirs=C:\tomcat\endorsed
20-Jul-2015 10:28:52.828 INFO [main] org.apache.catalina.startup.VersionLoggerListener.log Command line argument: -Dcatalina.base=C:\tomcat
20-Jul-2015 10:28:52.828 INFO [main] org.apache.catalina.startup.VersionLoggerListener.log Command line argument: -Dcatalina.home=C:\tomcat
20-Jul-2015 10:28:52.829 INFO [main] org.apache.catalina.startup.VersionLoggerListener.log Command line argument: -Djava.io.tmpdir=C:\tomcat\temp
20-Jul-2015 10:28:52.830 INFO [main] org.apache.catalina.core.AprLifecycleListener.lifecycleEvent Loaded APR based Apache Tomcat Native library 1.1.33 using APR version 1.5.1.
20-Jul-2015 10:28:52.831 INFO [main] org.apache.catalina.core.AprLifecycleListener.lifecycleEvent APR capabilities: IPv6 [true], sendfile [true], accept filters [false], random [true].
20-Jul-2015 10:28:53.773 INFO [main] org.apache.catalina.core.AprLifecycleListener.initializeSSL OpenSSL successfully initialized (OpenSSL 1.0.1m 19 Mar 2015)
20-Jul-2015 10:28:54.035 INFO [main] org.apache.coyote.AbstractProtocol.init Initializing ProtocolHandler ["http-apr-8080"]
20-Jul-2015 10:28:54.053 INFO [main] org.apache.coyote.AbstractProtocol.init Initializing ProtocolHandler ["ajp-apr-8009"]
20-Jul-2015 10:28:54.055 INFO [main] org.apache.catalina.startup.Catalina.load Initialization processed in 2112 ms
20-Jul-2015 10:28:54.108 INFO [main] org.apache.catalina.core.StandardService.startInternal Starting service Catalina
20-Jul-2015 10:28:54.109 INFO [main] org.apache.catalina.core.StandardEngine.startInternal Starting Servlet Engine: Apache Tomcat/8.0.24
20-Jul-2015 10:28:54.129 INFO [localhost-startStop-1] org.apache.catalina.startup.HostConfig.deployDirectory Deploying web application directory C:\tomcat\webapps\docs
20-Jul-2015 10:28:55.072 INFO [localhost-startStop-1] org.apache.catalina.util.SessionIdGeneratorBase.createSecureRandom Creation of SecureRandom instance for session ID generation using [SHA1PRNG] took [130] milliseconds.
20-Jul-2015 10:28:55.100 INFO [localhost-startStop-1] org.apache.catalina.startup.HostConfig.deployDirectory Deployment of web application directory C:\tomcat\webapps\docs has finished in 971 ms
20-Jul-2015 10:28:55.101 INFO [localhost-startStop-1] org.apache.catalina.startup.HostConfig.deployDirectory Deploying web application directory C:\tomcat\webapps\examples
20-Jul-2015 10:28:55.974 INFO [localhost-startStop-1] org.apache.catalina.startup.HostConfig.deployDirectory Deployment of web application directory C:\tomcat\webapps\examples has finished in 873 ms
20-Jul-2015 10:28:55.975 INFO [localhost-startStop-1] org.apache.catalina.startup.HostConfig.deployDirectory Deploying web application directory C:\tomcat\webapps\host-manager
20-Jul-2015 10:28:56.019 INFO [localhost-startStop-1] org.apache.catalina.startup.HostConfig.deployDirectory Deployment of web application directory C:\tomcat\webapps\host-manager has finished in 43 ms
20-Jul-2015 10:28:56.020 INFO [localhost-startStop-1] org.apache.catalina.startup.HostConfig.deployDirectory Deploying web application directory C:\tomcat\webapps\manager
20-Jul-2015 10:28:56.079 INFO [localhost-startStop-1] org.apache.catalina.startup.HostConfig.deployDirectory Deployment of web application directory C:\tomcat\webapps\manager has finished in 58 ms
20-Jul-2015 10:28:56.079 INFO [localhost-startStop-1] org.apache.catalina.startup.HostConfig.deployDirectory Deploying web application directory C:\tomcat\webapps\ROOT
20-Jul-2015 10:28:56.136 INFO [localhost-startStop-1] org.apache.catalina.startup.HostConfig.deployDirectory Deployment of web application directory C:\tomcat\webapps\ROOT has finished in 57 ms
20-Jul-2015 10:28:56.141 INFO [main] org.apache.coyote.AbstractProtocol.start Starting ProtocolHandler ["http-apr-8080"]
20-Jul-2015 10:28:56.151 INFO [main] org.apache.coyote.AbstractProtocol.start Starting ProtocolHandler ["ajp-apr-8009"]
20-Jul-2015 10:28:56.152 INFO [main] org.apache.catalina.startup.Catalina.start Server startup in 2097 ms
20-Jul-2015 10:29:09.719 INFO [Thread-3] org.apache.coyote.AbstractProtocol.pause Pausing ProtocolHandler ["http-apr-8080"]
20-Jul-2015 10:29:45.523 INFO [main] org.apache.catalina.startup.VersionLoggerListener.log Server version:        Apache Tomcat/8.0.24
20-Jul-2015 10:29:45.527 INFO [main] org.apache.catalina.startup.VersionLoggerListener.log Server built:          Jul 1 2015 20:19:55 UTC
20-Jul-2015 10:29:45.527 INFO [main] org.apache.catalina.startup.VersionLoggerListener.log Server number:         8.0.24.0
20-Jul-2015 10:29:45.527 INFO [main] org.apache.catalina.startup.VersionLoggerListener.log OS Name:               Windows 8
20-Jul-2015 10:29:45.527 INFO [main] org.apache.catalina.startup.VersionLoggerListener.log OS Version:            6.2
20-Jul-2015 10:29:45.528 INFO [main] org.apache.catalina.startup.VersionLoggerListener.log Architecture:          amd64
20-Jul-2015 10:29:45.528 INFO [main] org.apache.catalina.startup.VersionLoggerListener.log Java Home:             C:\Program Files\Java\jdk1.8.0_51\jre
20-Jul-2015 10:29:45.528 INFO [main] org.apache.catalina.startup.VersionLoggerListener.log JVM Version:           1.8.0_51-b16
20-Jul-2015 10:29:45.528 INFO [main] org.apache.catalina.startup.VersionLoggerListener.log JVM Vendor:            Oracle Corporation
20-Jul-2015 10:29:45.528 INFO [main] org.apache.catalina.startup.VersionLoggerListener.log CATALINA_BASE:         C:\tomcat
20-Jul-2015 10:29:45.529 INFO [main] org.apache.catalina.startup.VersionLoggerListener.log CATALINA_HOME:         C:\tomcat
20-Jul-2015 10:29:45.529 INFO [main] org.apache.catalina.startup.VersionLoggerListener.log Command line argument: -Djava.util.logging.config.file=C:\tomcat\conf\logging.properties
20-Jul-2015 10:29:45.529 INFO [main] org.apache.catalina.startup.VersionLoggerListener.log Command line argument: -Djava.util.logging.manager=org.apache.juli.ClassLoaderLogManager
20-Jul-2015 10:29:45.530 INFO [main] org.apache.catalina.startup.VersionLoggerListener.log Command line argument: -Djava.endorsed.dirs=C:\tomcat\endorsed
20-Jul-2015 10:29:45.530 INFO [main] org.apache.catalina.startup.VersionLoggerListener.log Command line argument: -Dcatalina.base=C:\tomcat
20-Jul-2015 10:29:45.530 INFO [main] org.apache.catalina.startup.VersionLoggerListener.log Command line argument: -Dcatalina.home=C:\tomcat
20-Jul-2015 10:29:45.534 INFO [main] org.apache.catalina.startup.VersionLoggerListener.log Command line argument: -Djava.io.tmpdir=C:\tomcat\temp
20-Jul-2015 10:29:45.535 INFO [main] org.apache.catalina.core.AprLifecycleListener.lifecycleEvent Loaded APR based Apache Tomcat Native library 1.1.33 using APR version 1.5.1.
20-Jul-2015 10:29:45.536 INFO [main] org.apache.catalina.core.AprLifecycleListener.lifecycleEvent APR capabilities: IPv6 [true], sendfile [true], accept filters [false], random [true].
20-Jul-2015 10:29:46.353 INFO [main] org.apache.catalina.core.AprLifecycleListener.initializeSSL OpenSSL successfully initialized (OpenSSL 1.0.1m 19 Mar 2015)
20-Jul-2015 10:29:46.541 INFO [main] org.apache.coyote.AbstractProtocol.init Initializing ProtocolHandler ["http-apr-8080"]
20-Jul-2015 10:29:46.556 INFO [main] org.apache.coyote.AbstractProtocol.init Initializing ProtocolHandler ["ajp-apr-8009"]
20-Jul-2015 10:29:46.561 INFO [main] org.apache.catalina.startup.Catalina.load Initialization processed in 1551 ms
20-Jul-2015 10:29:46.601 INFO [main] org.apache.catalina.core.StandardService.startInternal Starting service Catalina
20-Jul-2015 10:29:46.601 INFO [main] org.apache.catalina.core.StandardEngine.startInternal Starting Servlet Engine: Apache Tomcat/8.0.24
20-Jul-2015 10:29:46.616 INFO [localhost-startStop-1] org.apache.catalina.startup.HostConfig.deployDirectory Deploying web application directory C:\tomcat\webapps\docs
20-Jul-2015 10:29:47.070 INFO [localhost-startStop-1] org.apache.catalina.util.SessionIdGeneratorBase.createSecureRandom Creation of SecureRandom instance for session ID generation using [SHA1PRNG] took [112] milliseconds.
20-Jul-2015 10:29:47.098 INFO [localhost-startStop-1] org.apache.catalina.startup.HostConfig.deployDirectory Deployment of web application directory C:\tomcat\webapps\docs has finished in 482 ms
20-Jul-2015 10:29:47.098 INFO [localhost-startStop-1] org.apache.catalina.startup.HostConfig.deployDirectory Deploying web application directory C:\tomcat\webapps\examples
20-Jul-2015 10:29:47.664 INFO [localhost-startStop-1] org.apache.catalina.startup.HostConfig.deployDirectory Deployment of web application directory C:\tomcat\webapps\examples has finished in 566 ms
20-Jul-2015 10:29:47.665 INFO [localhost-startStop-1] org.apache.catalina.startup.HostConfig.deployDirectory Deploying web application directory C:\tomcat\webapps\host-manager
20-Jul-2015 10:29:47.720 INFO [localhost-startStop-1] org.apache.catalina.startup.HostConfig.deployDirectory Deployment of web application directory C:\tomcat\webapps\host-manager has finished in 54 ms
20-Jul-2015 10:29:47.720 INFO [localhost-startStop-1] org.apache.catalina.startup.HostConfig.deployDirectory Deploying web application directory C:\tomcat\webapps\manager
20-Jul-2015 10:29:47.759 INFO [localhost-startStop-1] org.apache.catalina.startup.HostConfig.deployDirectory Deployment of web application directory C:\tomcat\webapps\manager has finished in 38 ms
20-Jul-2015 10:29:47.771 INFO [localhost-startStop-1] org.apache.catalina.startup.HostConfig.deployDirectory Deploying web application directory C:\tomcat\webapps\ROOT
20-Jul-2015 10:29:47.811 INFO [localhost-startStop-1] org.apache.catalina.startup.HostConfig.deployDirectory Deployment of web application directory C:\tomcat\webapps\ROOT has finished in 52 ms
20-Jul-2015 10:29:47.817 INFO [main] org.apache.coyote.AbstractProtocol.start Starting ProtocolHandler ["http-apr-8080"]
20-Jul-2015 10:29:47.827 INFO [main] org.apache.coyote.AbstractProtocol.start Starting ProtocolHandler ["ajp-apr-8009"]
20-Jul-2015 10:29:47.829 INFO [main] org.apache.catalina.startup.Catalina.start Server startup in 1268 ms
